Running: C:\Xilinx\14.7\14.7\ISE_DS\ISE\bin\nt64\unwrapped\fuse.exe -intstyle ise -incremental -lib unisims_ver -lib unimacro_ver -lib xilinxcorelib_ver -o C:/Users/acer/lab6/test_isim_beh.exe -prj C:/Users/acer/lab6/test_beh.prj work.test work.glbl 
ISim P.20131013 (signature 0x7708f090)
Number of CPUs detected in this system: 8
Turning on mult-threading, number of parallel sub-compilation jobs: 16 
Determining compilation order of HDL files
Analyzing Verilog file "C:/Users/acer/lab6/cpu.v" into library work
WARNING:HDLCompiler:751 - "C:/Users/acer/lab6/cpu.v" Line 27: Redeclaration of ansi port clk is not allowed
WARNING:HDLCompiler:751 - "C:/Users/acer/lab6/cpu.v" Line 28: Redeclaration of ansi port pc is not allowed
Analyzing Verilog file "C:/Users/acer/lab6/test.v" into library work
Analyzing Verilog file "C:/Xilinx/14.7/14.7/ISE_DS/ISE//verilog/src/glbl.v" into library work
Starting static elaboration
Completed static elaboration
Compiling module cpu
Compiling module test
Compiling module glbl
Time Resolution for simulation is 1ps.
Waiting for 1 sub-compilation(s) to finish...
Compiled 3 Verilog Units
Built simulation executable C:/Users/acer/lab6/test_isim_beh.exe
Fuse Memory Usage: 28700 KB
Fuse CPU Usage: 421 ms
